<?xml version="1.0" encoding="UTF-8"?>
<!-- Generated by org.testng.reporters.JUnitXMLReporter -->
<testsuite ignored="3" hostname="DESKTOP-6BKT3H1" failures="0" tests="2" name="Test" time="41.467" errors="0" timestamp="2022-12-16T09:03:47 IST">
  <testcase classname="com.Restaurant.Testcases.VerifyHomePage" name="VerifyDropDown" time="13.494"/>
  <testcase classname="com.Restaurant.Testcases.VerifySettingsPage" name="VerifySettings" time="8.182"/>
  <testcase classname="com.Restaurant.BaseClass.BaseClass" name="@BeforeSuite beforeSuite" time="0.0">
    <ignored/>
  </testcase> <!-- @BeforeSuite beforeSuite -->
  <testcase classname="com.Restaurant.BaseClass.BaseClass" name="@AfterSuite AfterSuite" time="0.0">
    <ignored/>
  </testcase> <!-- @AfterSuite AfterSuite -->
  <testcase classname="com.Restaurant.BaseClass.BaseClass" name="@BeforeTest loadConfig" time="0.0">
    <ignored/>
  </testcase> <!-- @BeforeTest loadConfig -->
</testsuite> <!-- Test -->
