<?xml version="1.0" encoding="UTF-8"?>
<!-- Generated by org.testng.reporters.JUnitXMLReporter -->
<testsuite hostname="DESKTOP-6BKT3H1" ignored="9" name="Test" tests="7" failures="0" timestamp="2022-12-15T00:47:05 IST" time="117.2" errors="0">
  <testcase name="VerifyInvalidUserLogin" time="2.853" classname="com.Restaurant.Testcases.VerifyValidUserLoginTest"/>
  <testcase name="VerifyInvalidUserLogin" time="1.883" classname="com.Restaurant.Testcases.VerifyValidUserLoginTest"/>
  <testcase name="VerifyInvalidUserLogin" time="1.59" classname="com.Restaurant.Testcases.VerifyValidUserLoginTest"/>
  <testcase name="VerifyUserLogin" time="6.128" classname="com.Restaurant.Testcases.VerifyValidUserLoginTest"/>
  <testcase name="VerifyDropDown" time="15.817" classname="com.Restaurant.Testcases.VerifyHomePage"/>
  <testcase name="VerifySettings" time="11.979" classname="com.Restaurant.Testcases.VerifySettingsPage"/>
  <testcase name="VerifyUsersTable" time="6.861" classname="com.Restaurant.Testcases.VerifyUsersPageInSettings"/>
  <testcase name="@BeforeSuite beforeSuite" time="0.0" classname="com.Restaurant.BaseClass.BaseClass">
    <ignored/>
  </testcase> <!-- @BeforeSuite beforeSuite -->
  <testcase name="@BeforeTest loadConfig" time="0.0" classname="com.Restaurant.BaseClass.BaseClass">
    <ignored/>
  </testcase> <!-- @BeforeTest loadConfig -->
  <testcase name="@BeforeSuite beforeSuite" time="0.0" classname="com.Restaurant.BaseClass.BaseClass">
    <ignored/>
  </testcase> <!-- @BeforeSuite beforeSuite -->
  <testcase name="@AfterSuite AfterSuite" time="0.0" classname="com.Restaurant.BaseClass.BaseClass">
    <ignored/>
  </testcase> <!-- @AfterSuite AfterSuite -->
  <testcase name="@BeforeTest loadConfig" time="0.0" classname="com.Restaurant.BaseClass.BaseClass">
    <ignored/>
  </testcase> <!-- @BeforeTest loadConfig -->
  <testcase name="@BeforeSuite beforeSuite" time="0.0" classname="com.Restaurant.BaseClass.BaseClass">
    <ignored/>
  </testcase> <!-- @BeforeSuite beforeSuite -->
  <testcase name="@AfterSuite AfterSuite" time="0.0" classname="com.Restaurant.BaseClass.BaseClass">
    <ignored/>
  </testcase> <!-- @AfterSuite AfterSuite -->
  <testcase name="@BeforeTest loadConfig" time="0.0" classname="com.Restaurant.BaseClass.BaseClass">
    <ignored/>
  </testcase> <!-- @BeforeTest loadConfig -->
  <testcase name="@AfterSuite AfterSuite" time="0.0" classname="com.Restaurant.BaseClass.BaseClass">
    <ignored/>
  </testcase> <!-- @AfterSuite AfterSuite -->
</testsuite> <!-- Test -->
