<?xml version="1.0" encoding="UTF-8"?>
<testng-results ignored="0" total="1" passed="0" failed="1" skipped="0">
  <reporter-output>
  </reporter-output>
  <suite started-at="2022-12-23T10:27:03 IST" name="Suite" finished-at="2022-12-23T10:27:30 IST" duration-ms="27108">
    <groups>
    </groups>
    <test started-at="2022-12-23T10:27:03 IST" name="Regression" finished-at="2022-12-23T10:27:30 IST" duration-ms="27108">
      <class name="com.Restaurant.Testcases.VerifySettingsPage">
        <test-method is-config="true" signature="beforeSuite()[pri:0, instance:com.Restaurant.Testcases.VerifySettingsPage@235ecd9f]" started-at="2022-12-23T10:27:02 IST" name="beforeSuite" finished-at="2022-12-23T10:27:03 IST" duration-ms="684" status="PASS">
          <reporter-output>
          </reporter-output>
        </test-method> <!-- beforeSuite -->
        <test-method is-config="true" signature="loadConfig()[pri:0, instance:com.Restaurant.Testcases.VerifySettingsPage@235ecd9f]" started-at="2022-12-23T10:27:03 IST" name="loadConfig" finished-at="2022-12-23T10:27:03 IST" duration-ms="9" status="PASS">
          <reporter-output>
          </reporter-output>
        </test-method> <!-- loadConfig -->
        <test-method is-config="true" signature="firstcall(java.lang.String)[pri:0, instance:com.Restaurant.Testcases.VerifySettingsPage@235ecd9f]" started-at="2022-12-23T10:27:03 IST" name="firstcall" finished-at="2022-12-23T10:27:21 IST" duration-ms="18247" status="PASS">
          <params>
            <param index="0">
              <value>
                <![CDATA[Chrome]]>
              </value>
            </param>
          </params>
          <reporter-output>
          </reporter-output>
        </test-method> <!-- firstcall -->
        <test-method signature="VerifySettings()[pri:0, instance:com.Restaurant.Testcases.VerifySettingsPage@235ecd9f]" started-at="2022-12-23T10:27:21 IST" name="VerifySettings" finished-at="2022-12-23T10:27:29 IST" duration-ms="7963" status="FAIL">
          <exception class="java.lang.IndexOutOfBoundsException">
            <message>
              <![CDATA[Index 1 out of bounds for length 1]]>
            </message>
            <full-stacktrace>
              <![CDATA[java.lang.IndexOutOfBoundsException: Index 1 out of bounds for length 1
at java.base/jdk.internal.util.Preconditions.outOfBounds(Preconditions.java:64)
at java.base/jdk.internal.util.Preconditions.outOfBoundsCheckIndex(Preconditions.java:70)
at java.base/jdk.internal.util.Preconditions.checkIndex(Preconditions.java:266)
at java.base/java.util.Objects.checkIndex(Objects.java:359)
at java.base/java.util.ArrayList.get(ArrayList.java:427)
at com.Restaurant.Testcases.VerifySettingsPage.VerifySettings(VerifySettingsPage.java:26)
at java.base/jdk.internal.reflect.NativeMethodAccessorImpl.invoke0(Native Method)
at java.base/jdk.internal.reflect.NativeMethodAccessorImpl.invoke(NativeMethodAccessorImpl.java:77)
at java.base/jdk.internal.reflect.DelegatingMethodAccessorImpl.invoke(DelegatingMethodAccessorImpl.java:43)
at java.base/java.lang.reflect.Method.invoke(Method.java:568)
at org.testng.internal.invokers.MethodInvocationHelper.invokeMethod(MethodInvocationHelper.java:135)
at org.testng.internal.invokers.TestInvoker.invokeMethod(TestInvoker.java:673)
at org.testng.internal.invokers.TestInvoker.invokeTestMethod(TestInvoker.java:220)
at org.testng.internal.invokers.MethodRunner.runInSequence(MethodRunner.java:50)
at org.testng.internal.invokers.TestInvoker$MethodInvocationAgent.invoke(TestInvoker.java:945)
at org.testng.internal.invokers.TestInvoker.invokeTestMethods(TestInvoker.java:193)
at org.testng.internal.invokers.TestMethodWorker.invokeTestMethods(TestMethodWorker.java:146)
at org.testng.internal.invokers.TestMethodWorker.run(TestMethodWorker.java:128)
at java.base/java.util.ArrayList.forEach(ArrayList.java:1511)
at org.testng.TestRunner.privateRun(TestRunner.java:808)
at org.testng.TestRunner.run(TestRunner.java:603)
at org.testng.SuiteRunner.runTest(SuiteRunner.java:429)
at org.testng.SuiteRunner.access$000(SuiteRunner.java:32)
at org.testng.SuiteRunner$SuiteWorker.run(SuiteRunner.java:467)
at org.testng.internal.thread.ThreadUtil.lambda$execute$0(ThreadUtil.java:58)
at java.base/java.util.concurrent.FutureTask.run(FutureTask.java:264)
at java.base/java.util.concurrent.ThreadPoolExecutor.runWorker(ThreadPoolExecutor.java:1136)
at java.base/java.util.concurrent.ThreadPoolExecutor$Worker.run(ThreadPoolExecutor.java:635)
at java.base/java.lang.Thread.run(Thread.java:833)
]]>
            </full-stacktrace>
          </exception> <!-- java.lang.IndexOutOfBoundsException -->
          <reporter-output>
          </reporter-output>
        </test-method> <!-- VerifySettings -->
        <test-method is-config="true" signature="driverclose()[pri:0, instance:com.Restaurant.Testcases.VerifySettingsPage@235ecd9f]" started-at="2022-12-23T10:27:30 IST" name="driverclose" finished-at="2022-12-23T10:27:30 IST" duration-ms="501" status="PASS">
          <reporter-output>
          </reporter-output>
        </test-method> <!-- driverclose -->
        <test-method is-config="true" signature="AfterSuite()[pri:0, instance:com.Restaurant.Testcases.VerifySettingsPage@235ecd9f]" started-at="2022-12-23T10:27:30 IST" name="AfterSuite" finished-at="2022-12-23T10:27:31 IST" duration-ms="924" status="PASS">
          <reporter-output>
          </reporter-output>
        </test-method> <!-- AfterSuite -->
      </class> <!-- com.Restaurant.Testcases.VerifySettingsPage -->
    </test> <!-- Regression -->
  </suite> <!-- Suite -->
</testng-results>
